<?xml version="1.0" encoding="UTF-8"?>
<testng-results ignored="0" total="1" passed="1" failed="0" skipped="0">
  <reporter-output>
  </reporter-output>
  <suite started-at="2024-06-19T12:34:08 IST" name="Default suite" finished-at="2024-06-19T12:34:24 IST" duration-ms="15921">
    <groups>
    </groups>
    <test started-at="2024-06-19T12:34:08 IST" name="Default test" finished-at="2024-06-19T12:34:24 IST" duration-ms="15921">
      <class name="TestMethod.ApplyTest">
        <test-method is-config="true" signature="OpenBrowser()[pri:0, instance:TestMethod.ApplyTest@292b08d6]" started-at="2024-06-19T12:34:08 IST" name="OpenBrowser" finished-at="2024-06-19T12:34:10 IST" duration-ms="1850" status="PASS">
          <reporter-output>
          </reporter-output>
        </test-method> <!-- OpenBrowser -->
        <test-method is-config="true" signature="LoginApp()[pri:0, instance:TestMethod.ApplyTest@292b08d6]" started-at="2024-06-19T12:34:10 IST" name="LoginApp" finished-at="2024-06-19T12:34:12 IST" duration-ms="1835" status="PASS">
          <reporter-output>
          </reporter-output>
        </test-method> <!-- LoginApp -->
        <test-method signature="ApplyNewAssisment()[pri:0, instance:TestMethod.ApplyTest@292b08d6]" started-at="2024-06-19T12:34:12 IST" name="ApplyNewAssisment" finished-at="2024-06-19T12:34:24 IST" duration-ms="12168" status="PASS">
          <reporter-output>
          </reporter-output>
        </test-method> <!-- ApplyNewAssisment -->
        <test-method is-config="true" signature="LogoutApp()[pri:0, instance:TestMethod.ApplyTest@292b08d6]" started-at="2024-06-19T12:34:24 IST" name="LogoutApp" finished-at="2024-06-19T12:34:24 IST" duration-ms="1" status="PASS">
          <reporter-output>
          </reporter-output>
        </test-method> <!-- LogoutApp -->
        <test-method is-config="true" signature="CloseBrowser()[pri:0, instance:TestMethod.ApplyTest@292b08d6]" started-at="2024-06-19T12:34:24 IST" name="CloseBrowser" finished-at="2024-06-19T12:34:24 IST" duration-ms="4" status="PASS">
          <reporter-output>
          </reporter-output>
        </test-method> <!-- CloseBrowser -->
      </class> <!-- TestMethod.ApplyTest -->
    </test> <!-- Default test -->
  </suite> <!-- Default suite -->
</testng-results>
